{"/media/george/GeorgeHD-DELL1/Users/Jorge/Desktop/My stuff/All my coding stuff/GoStack-2020/All projects with TypeScript/Gobarber/gobarber_2020/gobarbermobile/src/components/Button/index.tsx": {"path":"/media/george/GeorgeHD-DELL1/Users/Jorge/Desktop/My stuff/All my coding stuff/GoStack-2020/All projects with TypeScript/Gobarber/gobarber_2020/gobarbermobile/src/components/Button/index.tsx","statementMap":{"0":{"start":{"line":8,"column":38},"end":{"line":14,"column":1}},"1":{"start":{"line":9,"column":2},"end":{"line":13,"column":4}}},"fnMap":{"0":{"name":"(anonymous_0)","decl":{"start":{"line":8,"column":38},"end":{"line":8,"column":39}},"loc":{"start":{"line":8,"column":63},"end":{"line":14,"column":1}},"line":8}},"branchMap":{},"s":{"0":1,"1":1},"f":{"0":1},"b":{},"_coverageSchema":"43e27e138ebf9cfc5966b082cf9a028302ed4184","hash":"3fba93cfccc7c64d5e59343ff162d7ef0070da3e"}
,"/media/george/GeorgeHD-DELL1/Users/Jorge/Desktop/My stuff/All my coding stuff/GoStack-2020/All projects with TypeScript/Gobarber/gobarber_2020/gobarbermobile/src/components/Input/index.tsx": {"path":"/media/george/GeorgeHD-DELL1/Users/Jorge/Desktop/My stuff/All my coding stuff/GoStack-2020/All projects with TypeScript/Gobarber/gobarber_2020/gobarbermobile/src/components/Input/index.tsx","statementMap":{"0":{"start":{"line":28,"column":66},"end":{"line":93,"column":1}},"1":{"start":{"line":32,"column":26},"end":{"line":32,"column":43}},"2":{"start":{"line":34,"column":63},"end":{"line":34,"column":77}},"3":{"start":{"line":35,"column":24},"end":{"line":35,"column":74}},"4":{"start":{"line":37,"column":36},"end":{"line":37,"column":51}},"5":{"start":{"line":38,"column":34},"end":{"line":38,"column":49}},"6":{"start":{"line":40,"column":27},"end":{"line":42,"column":8}},"7":{"start":{"line":41,"column":4},"end":{"line":41,"column":23}},"8":{"start":{"line":44,"column":26},"end":{"line":48,"column":8}},"9":{"start":{"line":45,"column":4},"end":{"line":45,"column":24}},"10":{"start":{"line":47,"column":4},"end":{"line":47,"column":47}},"11":{"start":{"line":50,"column":2},"end":{"line":54,"column":6}},"12":{"start":{"line":50,"column":34},"end":{"line":54,"column":3}},"13":{"start":{"line":52,"column":6},"end":{"line":52,"column":38}},"14":{"start":{"line":56,"column":2},"end":{"line":70,"column":9}},"15":{"start":{"line":57,"column":4},"end":{"line":69,"column":7}},"16":{"start":{"line":62,"column":8},"end":{"line":62,"column":44}},"17":{"start":{"line":63,"column":8},"end":{"line":63,"column":62}},"18":{"start":{"line":66,"column":8},"end":{"line":66,"column":41}},"19":{"start":{"line":67,"column":8},"end":{"line":67,"column":40}},"20":{"start":{"line":71,"column":2},"end":{"line":92,"column":4}},"21":{"start":{"line":88,"column":10},"end":{"line":88,"column":46}}},"fnMap":{"0":{"name":"(anonymous_0)","decl":{"start":{"line":28,"column":66},"end":{"line":28,"column":67}},"loc":{"start":{"line":31,"column":5},"end":{"line":93,"column":1}},"line":31},"1":{"name":"(anonymous_1)","decl":{"start":{"line":40,"column":39},"end":{"line":40,"column":40}},"loc":{"start":{"line":40,"column":45},"end":{"line":42,"column":3}},"line":40},"2":{"name":"(anonymous_2)","decl":{"start":{"line":44,"column":38},"end":{"line":44,"column":39}},"loc":{"start":{"line":44,"column":44},"end":{"line":48,"column":3}},"line":44},"3":{"name":"(anonymous_3)","decl":{"start":{"line":50,"column":27},"end":{"line":50,"column":28}},"loc":{"start":{"line":50,"column":34},"end":{"line":54,"column":3}},"line":50},"4":{"name":"(anonymous_4)","decl":{"start":{"line":51,"column":4},"end":{"line":51,"column":5}},"loc":{"start":{"line":51,"column":12},"end":{"line":53,"column":5}},"line":51},"5":{"name":"(anonymous_5)","decl":{"start":{"line":56,"column":12},"end":{"line":56,"column":13}},"loc":{"start":{"line":56,"column":18},"end":{"line":70,"column":3}},"line":56},"6":{"name":"(anonymous_6)","decl":{"start":{"line":61,"column":6},"end":{"line":61,"column":7}},"loc":{"start":{"line":61,"column":32},"end":{"line":64,"column":7}},"line":61},"7":{"name":"(anonymous_7)","decl":{"start":{"line":65,"column":6},"end":{"line":65,"column":7}},"loc":{"start":{"line":65,"column":19},"end":{"line":68,"column":7}},"line":65},"8":{"name":"(anonymous_8)","decl":{"start":{"line":87,"column":22},"end":{"line":87,"column":23}},"loc":{"start":{"line":87,"column":33},"end":{"line":89,"column":9}},"line":87}},"branchMap":{"0":{"loc":{"start":{"line":29,"column":15},"end":{"line":29,"column":34}},"type":"default-arg","locations":[{"start":{"line":29,"column":32},"end":{"line":29,"column":34}}],"line":29},"1":{"loc":{"start":{"line":34,"column":24},"end":{"line":34,"column":41}},"type":"default-arg","locations":[{"start":{"line":34,"column":39},"end":{"line":34,"column":41}}],"line":34},"2":{"loc":{"start":{"line":76,"column":15},"end":{"line":76,"column":60}},"type":"cond-expr","locations":[{"start":{"line":76,"column":39},"end":{"line":76,"column":48}},{"start":{"line":76,"column":51},"end":{"line":76,"column":60}}],"line":76},"3":{"loc":{"start":{"line":76,"column":15},"end":{"line":76,"column":36}},"type":"binary-expr","locations":[{"start":{"line":76,"column":15},"end":{"line":76,"column":24}},{"start":{"line":76,"column":28},"end":{"line":76,"column":36}}],"line":76}},"s":{"0":1,"1":2,"2":2,"3":2,"4":2,"5":2,"6":2,"7":0,"8":2,"9":0,"10":0,"11":2,"12":1,"13":0,"14":2,"15":2,"16":0,"17":0,"18":0,"19":0,"20":2,"21":0},"f":{"0":2,"1":0,"2":0,"3":1,"4":0,"5":2,"6":0,"7":0,"8":0},"b":{"0":[2],"1":[2],"2":[0,2],"3":[2,2]},"_coverageSchema":"43e27e138ebf9cfc5966b082cf9a028302ed4184","hash":"942440db5a95fb0cfd1365eb09640827d89fcf8c"}
,"/media/george/GeorgeHD-DELL1/Users/Jorge/Desktop/My stuff/All my coding stuff/GoStack-2020/All projects with TypeScript/Gobarber/gobarber_2020/gobarbermobile/src/hooks/auth.tsx": {"path":"/media/george/GeorgeHD-DELL1/Users/Jorge/Desktop/My stuff/All my coding stuff/GoStack-2020/All projects with TypeScript/Gobarber/gobarber_2020/gobarbermobile/src/hooks/auth.tsx","statementMap":{"0":{"start":{"line":37,"column":20},"end":{"line":37,"column":73}},"1":{"start":{"line":39,"column":31},"end":{"line":101,"column":1}},"2":{"start":{"line":40,"column":34},"end":{"line":40,"column":70}},"3":{"start":{"line":41,"column":32},"end":{"line":41,"column":46}},"4":{"start":{"line":43,"column":2},"end":{"line":58,"column":9}},"5":{"start":{"line":45,"column":28},"end":{"line":48,"column":8}},"6":{"start":{"line":50,"column":6},"end":{"line":53,"column":7}},"7":{"start":{"line":51,"column":8},"end":{"line":51,"column":66}},"8":{"start":{"line":52,"column":8},"end":{"line":52,"column":66}},"9":{"start":{"line":55,"column":6},"end":{"line":55,"column":24}},"10":{"start":{"line":57,"column":4},"end":{"line":57,"column":25}},"11":{"start":{"line":60,"column":17},"end":{"line":76,"column":8}},"12":{"start":{"line":61,"column":21},"end":{"line":64,"column":6}},"13":{"start":{"line":66,"column":26},"end":{"line":66,"column":39}},"14":{"start":{"line":68,"column":4},"end":{"line":71,"column":7}},"15":{"start":{"line":73,"column":4},"end":{"line":73,"column":59}},"16":{"start":{"line":75,"column":4},"end":{"line":75,"column":31}},"17":{"start":{"line":78,"column":18},"end":{"line":82,"column":8}},"18":{"start":{"line":79,"column":4},"end":{"line":79,"column":74}},"19":{"start":{"line":81,"column":4},"end":{"line":81,"column":33}},"20":{"start":{"line":84,"column":21},"end":{"line":93,"column":3}},"21":{"start":{"line":86,"column":6},"end":{"line":86,"column":73}},"22":{"start":{"line":87,"column":6},"end":{"line":90,"column":9}},"23":{"start":{"line":95,"column":2},"end":{"line":100,"column":4}},"24":{"start":{"line":104,"column":18},"end":{"line":104,"column":41}},"25":{"start":{"line":106,"column":2},"end":{"line":108,"column":3}},"26":{"start":{"line":107,"column":4},"end":{"line":107,"column":63}},"27":{"start":{"line":110,"column":2},"end":{"line":110,"column":17}}},"fnMap":{"0":{"name":"(anonymous_0)","decl":{"start":{"line":39,"column":31},"end":{"line":39,"column":32}},"loc":{"start":{"line":39,"column":47},"end":{"line":101,"column":1}},"line":39},"1":{"name":"(anonymous_1)","decl":{"start":{"line":43,"column":12},"end":{"line":43,"column":13}},"loc":{"start":{"line":43,"column":18},"end":{"line":58,"column":3}},"line":43},"2":{"name":"loadStoredAuthData","decl":{"start":{"line":44,"column":19},"end":{"line":44,"column":37}},"loc":{"start":{"line":44,"column":55},"end":{"line":56,"column":5}},"line":44},"3":{"name":"(anonymous_3)","decl":{"start":{"line":60,"column":29},"end":{"line":60,"column":30}},"loc":{"start":{"line":60,"column":58},"end":{"line":76,"column":3}},"line":60},"4":{"name":"(anonymous_4)","decl":{"start":{"line":78,"column":30},"end":{"line":78,"column":31}},"loc":{"start":{"line":78,"column":42},"end":{"line":82,"column":3}},"line":78},"5":{"name":"(anonymous_5)","decl":{"start":{"line":85,"column":4},"end":{"line":85,"column":5}},"loc":{"start":{"line":85,"column":26},"end":{"line":91,"column":5}},"line":85},"6":{"name":"useAuth","decl":{"start":{"line":103,"column":9},"end":{"line":103,"column":16}},"loc":{"start":{"line":103,"column":36},"end":{"line":111,"column":1}},"line":103}},"branchMap":{"0":{"loc":{"start":{"line":50,"column":6},"end":{"line":53,"column":7}},"type":"if","locations":[{"start":{"line":50,"column":6},"end":{"line":53,"column":7}},{"start":{"line":50,"column":6},"end":{"line":53,"column":7}}],"line":50},"1":{"loc":{"start":{"line":50,"column":10},"end":{"line":50,"column":29}},"type":"binary-expr","locations":[{"start":{"line":50,"column":10},"end":{"line":50,"column":18}},{"start":{"line":50,"column":22},"end":{"line":50,"column":29}}],"line":50},"2":{"loc":{"start":{"line":106,"column":2},"end":{"line":108,"column":3}},"type":"if","locations":[{"start":{"line":106,"column":2},"end":{"line":108,"column":3}},{"start":{"line":106,"column":2},"end":{"line":108,"column":3}}],"line":106}},"s":{"0":1,"1":1,"2":0,"3":0,"4":0,"5":0,"6":0,"7":0,"8":0,"9":0,"10":0,"11":0,"12":0,"13":0,"14":0,"15":0,"16":0,"17":0,"18":0,"19":0,"20":0,"21":0,"22":0,"23":0,"24":1,"25":1,"26":0,"27":1},"f":{"0":0,"1":0,"2":0,"3":0,"4":0,"5":0,"6":1},"b":{"0":[0,0],"1":[0,0],"2":[0,1]},"_coverageSchema":"43e27e138ebf9cfc5966b082cf9a028302ed4184","hash":"8191c202a3bbc18e00b66ad65f403d7253d11807"}
,"/media/george/GeorgeHD-DELL1/Users/Jorge/Desktop/My stuff/All my coding stuff/GoStack-2020/All projects with TypeScript/Gobarber/gobarber_2020/gobarbermobile/src/pages/CreateAppointment/index.tsx": {"path":"/media/george/GeorgeHD-DELL1/Users/Jorge/Desktop/My stuff/All my coding stuff/GoStack-2020/All projects with TypeScript/Gobarber/gobarber_2020/gobarbermobile/src/pages/CreateAppointment/index.tsx","statementMap":{"0":{"start":{"line":53,"column":36},"end":{"line":261,"column":1}},"1":{"start":{"line":54,"column":17},"end":{"line":54,"column":26}},"2":{"start":{"line":55,"column":16},"end":{"line":55,"column":26}},"3":{"start":{"line":56,"column":29},"end":{"line":56,"column":44}},"4":{"start":{"line":57,"column":22},"end":{"line":57,"column":49}},"5":{"start":{"line":59,"column":36},"end":{"line":59,"column":60}},"6":{"start":{"line":60,"column":50},"end":{"line":62,"column":3}},"7":{"start":{"line":63,"column":46},"end":{"line":63,"column":61}},"8":{"start":{"line":64,"column":42},"end":{"line":64,"column":62}},"9":{"start":{"line":65,"column":42},"end":{"line":65,"column":53}},"10":{"start":{"line":66,"column":52},"end":{"line":68,"column":7}},"11":{"start":{"line":70,"column":2},"end":{"line":75,"column":9}},"12":{"start":{"line":71,"column":4},"end":{"line":74,"column":7}},"13":{"start":{"line":72,"column":6},"end":{"line":72,"column":33}},"14":{"start":{"line":73,"column":6},"end":{"line":73,"column":34}},"15":{"start":{"line":77,"column":2},"end":{"line":89,"column":39}},"16":{"start":{"line":78,"column":4},"end":{"line":88,"column":9}},"17":{"start":{"line":87,"column":8},"end":{"line":87,"column":44}},"18":{"start":{"line":91,"column":23},"end":{"line":93,"column":14}},"19":{"start":{"line":92,"column":4},"end":{"line":92,"column":13}},"20":{"start":{"line":95,"column":31},"end":{"line":97,"column":8}},"21":{"start":{"line":96,"column":4},"end":{"line":96,"column":36}},"22":{"start":{"line":99,"column":33},"end":{"line":101,"column":8}},"23":{"start":{"line":100,"column":4},"end":{"line":100,"column":41}},"24":{"start":{"line":100,"column":33},"end":{"line":100,"column":39}},"25":{"start":{"line":103,"column":27},"end":{"line":111,"column":8}},"26":{"start":{"line":104,"column":4},"end":{"line":106,"column":5}},"27":{"start":{"line":105,"column":6},"end":{"line":105,"column":31}},"28":{"start":{"line":108,"column":4},"end":{"line":110,"column":5}},"29":{"start":{"line":109,"column":6},"end":{"line":109,"column":28}},"30":{"start":{"line":113,"column":27},"end":{"line":115,"column":8}},"31":{"start":{"line":114,"column":4},"end":{"line":114,"column":26}},"32":{"start":{"line":117,"column":36},"end":{"line":136,"column":62}},"33":{"start":{"line":118,"column":4},"end":{"line":135,"column":5}},"34":{"start":{"line":119,"column":19},"end":{"line":119,"column":41}},"35":{"start":{"line":121,"column":6},"end":{"line":121,"column":34}},"36":{"start":{"line":122,"column":6},"end":{"line":122,"column":25}},"37":{"start":{"line":124,"column":6},"end":{"line":127,"column":9}},"38":{"start":{"line":129,"column":6},"end":{"line":129,"column":56}},"39":{"start":{"line":131,"column":6},"end":{"line":134,"column":8}},"40":{"start":{"line":138,"column":30},"end":{"line":148,"column":25}},"41":{"start":{"line":139,"column":4},"end":{"line":147,"column":9}},"42":{"start":{"line":140,"column":26},"end":{"line":140,"column":35}},"43":{"start":{"line":142,"column":8},"end":{"line":146,"column":10}},"44":{"start":{"line":150,"column":32},"end":{"line":160,"column":25}},"45":{"start":{"line":151,"column":4},"end":{"line":159,"column":9}},"46":{"start":{"line":152,"column":26},"end":{"line":152,"column":36}},"47":{"start":{"line":154,"column":8},"end":{"line":158,"column":10}},"48":{"start":{"line":162,"column":2},"end":{"line":260,"column":4}},"49":{"start":{"line":179,"column":40},"end":{"line":179,"column":51}},"50":{"start":{"line":181,"column":14},"end":{"line":188,"column":34}},"51":{"start":{"line":183,"column":31},"end":{"line":183,"column":64}},"52":{"start":{"line":218,"column":16},"end":{"line":229,"column":32}},"53":{"start":{"line":224,"column":20},"end":{"line":224,"column":43}},"54":{"start":{"line":238,"column":16},"end":{"line":249,"column":32}},"55":{"start":{"line":244,"column":20},"end":{"line":244,"column":43}}},"fnMap":{"0":{"name":"(anonymous_0)","decl":{"start":{"line":53,"column":36},"end":{"line":53,"column":37}},"loc":{"start":{"line":53,"column":42},"end":{"line":261,"column":1}},"line":53},"1":{"name":"(anonymous_1)","decl":{"start":{"line":70,"column":12},"end":{"line":70,"column":13}},"loc":{"start":{"line":70,"column":18},"end":{"line":75,"column":3}},"line":70},"2":{"name":"(anonymous_2)","decl":{"start":{"line":71,"column":31},"end":{"line":71,"column":32}},"loc":{"start":{"line":71,"column":45},"end":{"line":74,"column":5}},"line":71},"3":{"name":"(anonymous_3)","decl":{"start":{"line":77,"column":12},"end":{"line":77,"column":13}},"loc":{"start":{"line":77,"column":18},"end":{"line":89,"column":3}},"line":77},"4":{"name":"(anonymous_4)","decl":{"start":{"line":86,"column":12},"end":{"line":86,"column":13}},"loc":{"start":{"line":86,"column":26},"end":{"line":88,"column":7}},"line":86},"5":{"name":"(anonymous_5)","decl":{"start":{"line":91,"column":35},"end":{"line":91,"column":36}},"loc":{"start":{"line":91,"column":41},"end":{"line":93,"column":3}},"line":91},"6":{"name":"(anonymous_6)","decl":{"start":{"line":95,"column":43},"end":{"line":95,"column":44}},"loc":{"start":{"line":95,"column":67},"end":{"line":97,"column":3}},"line":95},"7":{"name":"(anonymous_7)","decl":{"start":{"line":99,"column":45},"end":{"line":99,"column":46}},"loc":{"start":{"line":99,"column":51},"end":{"line":101,"column":3}},"line":99},"8":{"name":"(anonymous_8)","decl":{"start":{"line":100,"column":22},"end":{"line":100,"column":23}},"loc":{"start":{"line":100,"column":33},"end":{"line":100,"column":39}},"line":100},"9":{"name":"(anonymous_9)","decl":{"start":{"line":103,"column":39},"end":{"line":103,"column":40}},"loc":{"start":{"line":103,"column":79},"end":{"line":111,"column":3}},"line":103},"10":{"name":"(anonymous_10)","decl":{"start":{"line":113,"column":39},"end":{"line":113,"column":40}},"loc":{"start":{"line":113,"column":57},"end":{"line":115,"column":3}},"line":113},"11":{"name":"(anonymous_11)","decl":{"start":{"line":117,"column":48},"end":{"line":117,"column":49}},"loc":{"start":{"line":117,"column":60},"end":{"line":136,"column":3}},"line":117},"12":{"name":"(anonymous_12)","decl":{"start":{"line":138,"column":38},"end":{"line":138,"column":39}},"loc":{"start":{"line":138,"column":44},"end":{"line":148,"column":3}},"line":138},"13":{"name":"(anonymous_13)","decl":{"start":{"line":140,"column":14},"end":{"line":140,"column":15}},"loc":{"start":{"line":140,"column":26},"end":{"line":140,"column":35}},"line":140},"14":{"name":"(anonymous_14)","decl":{"start":{"line":141,"column":11},"end":{"line":141,"column":12}},"loc":{"start":{"line":141,"column":34},"end":{"line":147,"column":7}},"line":141},"15":{"name":"(anonymous_15)","decl":{"start":{"line":150,"column":40},"end":{"line":150,"column":41}},"loc":{"start":{"line":150,"column":46},"end":{"line":160,"column":3}},"line":150},"16":{"name":"(anonymous_16)","decl":{"start":{"line":152,"column":14},"end":{"line":152,"column":15}},"loc":{"start":{"line":152,"column":26},"end":{"line":152,"column":36}},"line":152},"17":{"name":"(anonymous_17)","decl":{"start":{"line":153,"column":11},"end":{"line":153,"column":12}},"loc":{"start":{"line":153,"column":34},"end":{"line":159,"column":7}},"line":153},"18":{"name":"(anonymous_18)","decl":{"start":{"line":179,"column":26},"end":{"line":179,"column":27}},"loc":{"start":{"line":179,"column":40},"end":{"line":179,"column":51}},"line":179},"19":{"name":"(anonymous_19)","decl":{"start":{"line":180,"column":24},"end":{"line":180,"column":25}},"loc":{"start":{"line":181,"column":14},"end":{"line":188,"column":34}},"line":181},"20":{"name":"(anonymous_20)","decl":{"start":{"line":183,"column":25},"end":{"line":183,"column":26}},"loc":{"start":{"line":183,"column":31},"end":{"line":183,"column":64}},"line":183},"21":{"name":"(anonymous_21)","decl":{"start":{"line":217,"column":39},"end":{"line":217,"column":40}},"loc":{"start":{"line":218,"column":16},"end":{"line":229,"column":32}},"line":218},"22":{"name":"(anonymous_22)","decl":{"start":{"line":223,"column":27},"end":{"line":223,"column":28}},"loc":{"start":{"line":223,"column":33},"end":{"line":225,"column":19}},"line":223},"23":{"name":"(anonymous_23)","decl":{"start":{"line":237,"column":41},"end":{"line":237,"column":42}},"loc":{"start":{"line":238,"column":16},"end":{"line":249,"column":32}},"line":238},"24":{"name":"(anonymous_24)","decl":{"start":{"line":243,"column":27},"end":{"line":243,"column":28}},"loc":{"start":{"line":243,"column":33},"end":{"line":245,"column":19}},"line":243}},"branchMap":{"0":{"loc":{"start":{"line":104,"column":4},"end":{"line":106,"column":5}},"type":"if","locations":[{"start":{"line":104,"column":4},"end":{"line":106,"column":5}},{"start":{"line":104,"column":4},"end":{"line":106,"column":5}}],"line":104},"1":{"loc":{"start":{"line":108,"column":4},"end":{"line":110,"column":5}},"type":"if","locations":[{"start":{"line":108,"column":4},"end":{"line":110,"column":5}},{"start":{"line":108,"column":4},"end":{"line":110,"column":5}}],"line":108},"2":{"loc":{"start":{"line":200,"column":11},"end":{"line":207,"column":11}},"type":"binary-expr","locations":[{"start":{"line":200,"column":11},"end":{"line":200,"column":25}},{"start":{"line":201,"column":12},"end":{"line":206,"column":14}}],"line":200}},"s":{"0":0,"1":0,"2":0,"3":0,"4":0,"5":0,"6":0,"7":0,"8":0,"9":0,"10":0,"11":0,"12":0,"13":0,"14":0,"15":0,"16":0,"17":0,"18":0,"19":0,"20":0,"21":0,"22":0,"23":0,"24":0,"25":0,"26":0,"27":0,"28":0,"29":0,"30":0,"31":0,"32":0,"33":0,"34":0,"35":0,"36":0,"37":0,"38":0,"39":0,"40":0,"41":0,"42":0,"43":0,"44":0,"45":0,"46":0,"47":0,"48":0,"49":0,"50":0,"51":0,"52":0,"53":0,"54":0,"55":0},"f":{"0":0,"1":0,"2":0,"3":0,"4":0,"5":0,"6":0,"7":0,"8":0,"9":0,"10":0,"11":0,"12":0,"13":0,"14":0,"15":0,"16":0,"17":0,"18":0,"19":0,"20":0,"21":0,"22":0,"23":0,"24":0},"b":{"0":[0,0],"1":[0,0],"2":[0,0]},"hash":"0e2e217c5baed875e054a8c53085c9a91d4aca29"}
,"/media/george/GeorgeHD-DELL1/Users/Jorge/Desktop/My stuff/All my coding stuff/GoStack-2020/All projects with TypeScript/Gobarber/gobarber_2020/gobarbermobile/src/pages/Dashboard/index.tsx": {"path":"/media/george/GeorgeHD-DELL1/Users/Jorge/Desktop/My stuff/All my coding stuff/GoStack-2020/All projects with TypeScript/Gobarber/gobarber_2020/gobarbermobile/src/pages/Dashboard/index.tsx","statementMap":{"0":{"start":{"line":30,"column":28},"end":{"line":95,"column":1}},"1":{"start":{"line":31,"column":36},"end":{"line":31,"column":60}},"2":{"start":{"line":33,"column":17},"end":{"line":33,"column":26}},"3":{"start":{"line":34,"column":21},"end":{"line":34,"column":36}},"4":{"start":{"line":36,"column":2},"end":{"line":40,"column":9}},"5":{"start":{"line":37,"column":4},"end":{"line":39,"column":7}},"6":{"start":{"line":38,"column":6},"end":{"line":38,"column":34}},"7":{"start":{"line":42,"column":28},"end":{"line":44,"column":16}},"8":{"start":{"line":43,"column":4},"end":{"line":43,"column":24}},"9":{"start":{"line":46,"column":38},"end":{"line":51,"column":3}},"10":{"start":{"line":48,"column":6},"end":{"line":48,"column":50}},"11":{"start":{"line":52,"column":2},"end":{"line":94,"column":4}},"12":{"start":{"line":68,"column":36},"end":{"line":68,"column":47}},"13":{"start":{"line":73,"column":10},"end":{"line":90,"column":30}},"14":{"start":{"line":74,"column":27},"end":{"line":74,"column":67}}},"fnMap":{"0":{"name":"(anonymous_0)","decl":{"start":{"line":30,"column":28},"end":{"line":30,"column":29}},"loc":{"start":{"line":30,"column":34},"end":{"line":95,"column":1}},"line":30},"1":{"name":"(anonymous_1)","decl":{"start":{"line":36,"column":12},"end":{"line":36,"column":13}},"loc":{"start":{"line":36,"column":18},"end":{"line":40,"column":3}},"line":36},"2":{"name":"(anonymous_2)","decl":{"start":{"line":37,"column":31},"end":{"line":37,"column":32}},"loc":{"start":{"line":37,"column":45},"end":{"line":39,"column":5}},"line":37},"3":{"name":"(anonymous_3)","decl":{"start":{"line":42,"column":40},"end":{"line":42,"column":41}},"loc":{"start":{"line":42,"column":46},"end":{"line":44,"column":3}},"line":42},"4":{"name":"(anonymous_4)","decl":{"start":{"line":47,"column":4},"end":{"line":47,"column":5}},"loc":{"start":{"line":47,"column":28},"end":{"line":49,"column":5}},"line":47},"5":{"name":"(anonymous_5)","decl":{"start":{"line":68,"column":22},"end":{"line":68,"column":23}},"loc":{"start":{"line":68,"column":36},"end":{"line":68,"column":47}},"line":68},"6":{"name":"(anonymous_6)","decl":{"start":{"line":72,"column":20},"end":{"line":72,"column":21}},"loc":{"start":{"line":73,"column":10},"end":{"line":90,"column":30}},"line":73},"7":{"name":"(anonymous_7)","decl":{"start":{"line":74,"column":21},"end":{"line":74,"column":22}},"loc":{"start":{"line":74,"column":27},"end":{"line":74,"column":67}},"line":74}},"branchMap":{},"s":{"0":0,"1":0,"2":0,"3":0,"4":0,"5":0,"6":0,"7":0,"8":0,"9":0,"10":0,"11":0,"12":0,"13":0,"14":0},"f":{"0":0,"1":0,"2":0,"3":0,"4":0,"5":0,"6":0,"7":0},"b":{},"hash":"146e2ccb0c996b41def5121a7d280b96c47cb3ce"}
,"/media/george/GeorgeHD-DELL1/Users/Jorge/Desktop/My stuff/All my coding stuff/GoStack-2020/All projects with TypeScript/Gobarber/gobarber_2020/gobarbermobile/src/pages/Profile/index.tsx": {"path":"/media/george/GeorgeHD-DELL1/Users/Jorge/Desktop/My stuff/All my coding stuff/GoStack-2020/All projects with TypeScript/Gobarber/gobarber_2020/gobarbermobile/src/pages/Profile/index.tsx","statementMap":{"0":{"start":{"line":43,"column":26},"end":{"line":266,"column":1}},"1":{"start":{"line":44,"column":38},"end":{"line":44,"column":47}},"2":{"start":{"line":45,"column":21},"end":{"line":45,"column":36}},"3":{"start":{"line":46,"column":18},"end":{"line":46,"column":43}},"4":{"start":{"line":47,"column":24},"end":{"line":47,"column":47}},"5":{"start":{"line":48,"column":30},"end":{"line":48,"column":53}},"6":{"start":{"line":49,"column":27},"end":{"line":49,"column":50}},"7":{"start":{"line":50,"column":34},"end":{"line":50,"column":57}},"8":{"start":{"line":52,"column":30},"end":{"line":121,"column":3}},"9":{"start":{"line":54,"column":6},"end":{"line":118,"column":7}},"10":{"start":{"line":55,"column":8},"end":{"line":55,"column":39}},"11":{"start":{"line":56,"column":23},"end":{"line":74,"column":10}},"12":{"start":{"line":63,"column":25},"end":{"line":63,"column":37}},"13":{"start":{"line":69,"column":27},"end":{"line":69,"column":39}},"14":{"start":{"line":76,"column":8},"end":{"line":78,"column":11}},"15":{"start":{"line":86,"column":12},"end":{"line":86,"column":16}},"16":{"start":{"line":88,"column":25},"end":{"line":98,"column":9}},"17":{"start":{"line":100,"column":25},"end":{"line":100,"column":60}},"18":{"start":{"line":102,"column":8},"end":{"line":102,"column":34}},"19":{"start":{"line":104,"column":8},"end":{"line":104,"column":54}},"20":{"start":{"line":105,"column":8},"end":{"line":105,"column":28}},"21":{"start":{"line":107,"column":8},"end":{"line":112,"column":9}},"22":{"start":{"line":108,"column":25},"end":{"line":108,"column":49}},"23":{"start":{"line":109,"column":10},"end":{"line":109,"column":45}},"24":{"start":{"line":114,"column":8},"end":{"line":117,"column":10}},"25":{"start":{"line":123,"column":29},"end":{"line":155,"column":27}},"26":{"start":{"line":124,"column":4},"end":{"line":154,"column":6}},"27":{"start":{"line":132,"column":8},"end":{"line":134,"column":9}},"28":{"start":{"line":133,"column":10},"end":{"line":133,"column":17}},"29":{"start":{"line":135,"column":8},"end":{"line":138,"column":9}},"30":{"start":{"line":136,"column":10},"end":{"line":136,"column":73}},"31":{"start":{"line":137,"column":10},"end":{"line":137,"column":17}},"32":{"start":{"line":140,"column":21},"end":{"line":140,"column":35}},"33":{"start":{"line":142,"column":8},"end":{"line":146,"column":11}},"34":{"start":{"line":148,"column":8},"end":{"line":150,"column":11}},"35":{"start":{"line":149,"column":10},"end":{"line":149,"column":39}},"36":{"start":{"line":152,"column":8},"end":{"line":152,"column":46}},"37":{"start":{"line":157,"column":23},"end":{"line":159,"column":18}},"38":{"start":{"line":158,"column":4},"end":{"line":158,"column":24}},"39":{"start":{"line":161,"column":2},"end":{"line":265,"column":4}},"40":{"start":{"line":196,"column":18},"end":{"line":196,"column":49}},"41":{"start":{"line":210,"column":18},"end":{"line":210,"column":55}},"42":{"start":{"line":224,"column":18},"end":{"line":224,"column":52}},"43":{"start":{"line":237,"column":18},"end":{"line":237,"column":59}},"44":{"start":{"line":250,"column":18},"end":{"line":250,"column":48}},"45":{"start":{"line":256,"column":18},"end":{"line":256,"column":48}}},"fnMap":{"0":{"name":"(anonymous_0)","decl":{"start":{"line":43,"column":26},"end":{"line":43,"column":27}},"loc":{"start":{"line":43,"column":32},"end":{"line":266,"column":1}},"line":43},"1":{"name":"(anonymous_1)","decl":{"start":{"line":53,"column":4},"end":{"line":53,"column":5}},"loc":{"start":{"line":53,"column":37},"end":{"line":119,"column":5}},"line":53},"2":{"name":"(anonymous_2)","decl":{"start":{"line":63,"column":16},"end":{"line":63,"column":17}},"loc":{"start":{"line":63,"column":25},"end":{"line":63,"column":37}},"line":63},"3":{"name":"(anonymous_3)","decl":{"start":{"line":69,"column":18},"end":{"line":69,"column":19}},"loc":{"start":{"line":69,"column":27},"end":{"line":69,"column":39}},"line":69},"4":{"name":"(anonymous_4)","decl":{"start":{"line":123,"column":41},"end":{"line":123,"column":42}},"loc":{"start":{"line":123,"column":47},"end":{"line":155,"column":3}},"line":123},"5":{"name":"(anonymous_5)","decl":{"start":{"line":131,"column":6},"end":{"line":131,"column":7}},"loc":{"start":{"line":131,"column":20},"end":{"line":153,"column":7}},"line":131},"6":{"name":"(anonymous_6)","decl":{"start":{"line":148,"column":46},"end":{"line":148,"column":47}},"loc":{"start":{"line":148,"column":63},"end":{"line":150,"column":9}},"line":148},"7":{"name":"(anonymous_7)","decl":{"start":{"line":157,"column":35},"end":{"line":157,"column":36}},"loc":{"start":{"line":157,"column":41},"end":{"line":159,"column":3}},"line":157},"8":{"name":"(anonymous_8)","decl":{"start":{"line":195,"column":33},"end":{"line":195,"column":34}},"loc":{"start":{"line":195,"column":39},"end":{"line":197,"column":17}},"line":195},"9":{"name":"(anonymous_9)","decl":{"start":{"line":209,"column":33},"end":{"line":209,"column":34}},"loc":{"start":{"line":209,"column":39},"end":{"line":211,"column":17}},"line":209},"10":{"name":"(anonymous_10)","decl":{"start":{"line":223,"column":33},"end":{"line":223,"column":34}},"loc":{"start":{"line":223,"column":39},"end":{"line":225,"column":17}},"line":223},"11":{"name":"(anonymous_11)","decl":{"start":{"line":236,"column":33},"end":{"line":236,"column":34}},"loc":{"start":{"line":236,"column":39},"end":{"line":238,"column":17}},"line":236},"12":{"name":"(anonymous_12)","decl":{"start":{"line":249,"column":33},"end":{"line":249,"column":34}},"loc":{"start":{"line":249,"column":39},"end":{"line":251,"column":17}},"line":249},"13":{"name":"(anonymous_13)","decl":{"start":{"line":255,"column":25},"end":{"line":255,"column":26}},"loc":{"start":{"line":255,"column":31},"end":{"line":257,"column":17}},"line":255}},"branchMap":{"0":{"loc":{"start":{"line":91,"column":14},"end":{"line":97,"column":16}},"type":"cond-expr","locations":[{"start":{"line":92,"column":14},"end":{"line":96,"column":15}},{"start":{"line":97,"column":14},"end":{"line":97,"column":16}}],"line":91},"1":{"loc":{"start":{"line":107,"column":8},"end":{"line":112,"column":9}},"type":"if","locations":[{"start":{"line":107,"column":8},"end":{"line":112,"column":9}},{"start":{"line":107,"column":8},"end":{"line":112,"column":9}}],"line":107},"2":{"loc":{"start":{"line":132,"column":8},"end":{"line":134,"column":9}},"type":"if","locations":[{"start":{"line":132,"column":8},"end":{"line":134,"column":9}},{"start":{"line":132,"column":8},"end":{"line":134,"column":9}}],"line":132},"3":{"loc":{"start":{"line":135,"column":8},"end":{"line":138,"column":9}},"type":"if","locations":[{"start":{"line":135,"column":8},"end":{"line":138,"column":9}},{"start":{"line":135,"column":8},"end":{"line":138,"column":9}}],"line":135},"4":{"loc":{"start":{"line":165,"column":18},"end":{"line":165,"column":63}},"type":"cond-expr","locations":[{"start":{"line":165,"column":42},"end":{"line":165,"column":51}},{"start":{"line":165,"column":54},"end":{"line":165,"column":63}}],"line":165}},"s":{"0":0,"1":0,"2":0,"3":0,"4":0,"5":0,"6":0,"7":0,"8":0,"9":0,"10":0,"11":0,"12":0,"13":0,"14":0,"15":0,"16":0,"17":0,"18":0,"19":0,"20":0,"21":0,"22":0,"23":0,"24":0,"25":0,"26":0,"27":0,"28":0,"29":0,"30":0,"31":0,"32":0,"33":0,"34":0,"35":0,"36":0,"37":0,"38":0,"39":0,"40":0,"41":0,"42":0,"43":0,"44":0,"45":0},"f":{"0":0,"1":0,"2":0,"3":0,"4":0,"5":0,"6":0,"7":0,"8":0,"9":0,"10":0,"11":0,"12":0,"13":0},"b":{"0":[0,0],"1":[0,0],"2":[0,0],"3":[0,0],"4":[0,0]},"hash":"1ba0674eec126cbeefe877c14effee99208e7e65"}
,"/media/george/GeorgeHD-DELL1/Users/Jorge/Desktop/My stuff/All my coding stuff/GoStack-2020/All projects with TypeScript/Gobarber/gobarber_2020/gobarbermobile/src/pages/SignIn/index.tsx": {"path":"/media/george/GeorgeHD-DELL1/Users/Jorge/Desktop/My stuff/All my coding stuff/GoStack-2020/All projects with TypeScript/Gobarber/gobarber_2020/gobarbermobile/src/pages/SignIn/index.tsx","statementMap":{"0":{"start":{"line":39,"column":25},"end":{"line":144,"column":1}},"1":{"start":{"line":40,"column":18},"end":{"line":40,"column":43}},"2":{"start":{"line":41,"column":27},"end":{"line":41,"column":50}},"3":{"start":{"line":42,"column":21},"end":{"line":42,"column":36}},"4":{"start":{"line":44,"column":19},"end":{"line":44,"column":28}},"5":{"start":{"line":46,"column":23},"end":{"line":80,"column":3}},"6":{"start":{"line":48,"column":6},"end":{"line":77,"column":7}},"7":{"start":{"line":49,"column":8},"end":{"line":49,"column":39}},"8":{"start":{"line":50,"column":23},"end":{"line":55,"column":10}},"9":{"start":{"line":57,"column":8},"end":{"line":59,"column":11}},"10":{"start":{"line":61,"column":8},"end":{"line":64,"column":11}},"11":{"start":{"line":66,"column":8},"end":{"line":71,"column":9}},"12":{"start":{"line":67,"column":25},"end":{"line":67,"column":49}},"13":{"start":{"line":68,"column":10},"end":{"line":68,"column":45}},"14":{"start":{"line":73,"column":8},"end":{"line":76,"column":10}},"15":{"start":{"line":81,"column":2},"end":{"line":143,"column":4}},"16":{"start":{"line":107,"column":18},"end":{"line":107,"column":52}},"17":{"start":{"line":119,"column":18},"end":{"line":119,"column":48}},"18":{"start":{"line":125,"column":18},"end":{"line":125,"column":48}},"19":{"start":{"line":137,"column":42},"end":{"line":137,"column":71}}},"fnMap":{"0":{"name":"(anonymous_0)","decl":{"start":{"line":39,"column":25},"end":{"line":39,"column":26}},"loc":{"start":{"line":39,"column":31},"end":{"line":144,"column":1}},"line":39},"1":{"name":"(anonymous_1)","decl":{"start":{"line":47,"column":4},"end":{"line":47,"column":5}},"loc":{"start":{"line":47,"column":36},"end":{"line":78,"column":5}},"line":47},"2":{"name":"(anonymous_2)","decl":{"start":{"line":106,"column":33},"end":{"line":106,"column":34}},"loc":{"start":{"line":106,"column":39},"end":{"line":108,"column":17}},"line":106},"3":{"name":"(anonymous_3)","decl":{"start":{"line":118,"column":33},"end":{"line":118,"column":34}},"loc":{"start":{"line":118,"column":39},"end":{"line":120,"column":17}},"line":118},"4":{"name":"(anonymous_4)","decl":{"start":{"line":124,"column":25},"end":{"line":124,"column":26}},"loc":{"start":{"line":124,"column":31},"end":{"line":126,"column":17}},"line":124},"5":{"name":"(anonymous_5)","decl":{"start":{"line":131,"column":37},"end":{"line":131,"column":38}},"loc":{"start":{"line":131,"column":43},"end":{"line":131,"column":45}},"line":131},"6":{"name":"(anonymous_6)","decl":{"start":{"line":137,"column":36},"end":{"line":137,"column":37}},"loc":{"start":{"line":137,"column":42},"end":{"line":137,"column":71}},"line":137}},"branchMap":{"0":{"loc":{"start":{"line":66,"column":8},"end":{"line":71,"column":9}},"type":"if","locations":[{"start":{"line":66,"column":8},"end":{"line":71,"column":9}},{"start":{"line":66,"column":8},"end":{"line":71,"column":9}}],"line":66},"1":{"loc":{"start":{"line":85,"column":18},"end":{"line":85,"column":63}},"type":"cond-expr","locations":[{"start":{"line":85,"column":42},"end":{"line":85,"column":51}},{"start":{"line":85,"column":54},"end":{"line":85,"column":63}}],"line":85}},"s":{"0":1,"1":1,"2":1,"3":1,"4":1,"5":1,"6":0,"7":0,"8":0,"9":0,"10":0,"11":0,"12":0,"13":0,"14":0,"15":1,"16":0,"17":0,"18":0,"19":0},"f":{"0":1,"1":0,"2":0,"3":0,"4":0,"5":0,"6":0},"b":{"0":[0,0],"1":[1,0]},"_coverageSchema":"43e27e138ebf9cfc5966b082cf9a028302ed4184","hash":"dbf5b040263a5e9deceb3ee1dd6be3696f2e044a"}
,"/media/george/GeorgeHD-DELL1/Users/Jorge/Desktop/My stuff/All my coding stuff/GoStack-2020/All projects with TypeScript/Gobarber/gobarber_2020/gobarbermobile/src/pages/SignUp/index.tsx": {"path":"/media/george/GeorgeHD-DELL1/Users/Jorge/Desktop/My stuff/All my coding stuff/GoStack-2020/All projects with TypeScript/Gobarber/gobarber_2020/gobarbermobile/src/pages/SignUp/index.tsx","statementMap":{"0":{"start":{"line":35,"column":25},"end":{"line":157,"column":1}},"1":{"start":{"line":36,"column":21},"end":{"line":36,"column":36}},"2":{"start":{"line":37,"column":18},"end":{"line":37,"column":43}},"3":{"start":{"line":38,"column":24},"end":{"line":38,"column":47}},"4":{"start":{"line":39,"column":27},"end":{"line":39,"column":50}},"5":{"start":{"line":41,"column":23},"end":{"line":83,"column":3}},"6":{"start":{"line":43,"column":6},"end":{"line":80,"column":7}},"7":{"start":{"line":44,"column":8},"end":{"line":44,"column":39}},"8":{"start":{"line":45,"column":23},"end":{"line":51,"column":10}},"9":{"start":{"line":53,"column":8},"end":{"line":55,"column":11}},"10":{"start":{"line":57,"column":8},"end":{"line":57,"column":39}},"11":{"start":{"line":58,"column":8},"end":{"line":61,"column":10}},"12":{"start":{"line":62,"column":8},"end":{"line":62,"column":28}},"13":{"start":{"line":64,"column":8},"end":{"line":67,"column":10}},"14":{"start":{"line":69,"column":8},"end":{"line":74,"column":9}},"15":{"start":{"line":70,"column":25},"end":{"line":70,"column":49}},"16":{"start":{"line":71,"column":10},"end":{"line":71,"column":45}},"17":{"start":{"line":76,"column":8},"end":{"line":79,"column":10}},"18":{"start":{"line":85,"column":2},"end":{"line":156,"column":4}},"19":{"start":{"line":109,"column":18},"end":{"line":109,"column":49}},"20":{"start":{"line":123,"column":18},"end":{"line":123,"column":52}},"21":{"start":{"line":136,"column":18},"end":{"line":136,"column":48}},"22":{"start":{"line":142,"column":18},"end":{"line":142,"column":48}},"23":{"start":{"line":150,"column":34},"end":{"line":150,"column":53}}},"fnMap":{"0":{"name":"(anonymous_0)","decl":{"start":{"line":35,"column":25},"end":{"line":35,"column":26}},"loc":{"start":{"line":35,"column":31},"end":{"line":157,"column":1}},"line":35},"1":{"name":"(anonymous_1)","decl":{"start":{"line":42,"column":4},"end":{"line":42,"column":5}},"loc":{"start":{"line":42,"column":36},"end":{"line":81,"column":5}},"line":42},"2":{"name":"(anonymous_2)","decl":{"start":{"line":108,"column":33},"end":{"line":108,"column":34}},"loc":{"start":{"line":108,"column":39},"end":{"line":110,"column":17}},"line":108},"3":{"name":"(anonymous_3)","decl":{"start":{"line":122,"column":33},"end":{"line":122,"column":34}},"loc":{"start":{"line":122,"column":39},"end":{"line":124,"column":17}},"line":122},"4":{"name":"(anonymous_4)","decl":{"start":{"line":135,"column":33},"end":{"line":135,"column":34}},"loc":{"start":{"line":135,"column":39},"end":{"line":137,"column":17}},"line":135},"5":{"name":"(anonymous_5)","decl":{"start":{"line":141,"column":25},"end":{"line":141,"column":26}},"loc":{"start":{"line":141,"column":31},"end":{"line":143,"column":17}},"line":141},"6":{"name":"(anonymous_6)","decl":{"start":{"line":150,"column":28},"end":{"line":150,"column":29}},"loc":{"start":{"line":150,"column":34},"end":{"line":150,"column":53}},"line":150}},"branchMap":{"0":{"loc":{"start":{"line":69,"column":8},"end":{"line":74,"column":9}},"type":"if","locations":[{"start":{"line":69,"column":8},"end":{"line":74,"column":9}},{"start":{"line":69,"column":8},"end":{"line":74,"column":9}}],"line":69},"1":{"loc":{"start":{"line":89,"column":18},"end":{"line":89,"column":63}},"type":"cond-expr","locations":[{"start":{"line":89,"column":42},"end":{"line":89,"column":51}},{"start":{"line":89,"column":54},"end":{"line":89,"column":63}}],"line":89}},"s":{"0":0,"1":0,"2":0,"3":0,"4":0,"5":0,"6":0,"7":0,"8":0,"9":0,"10":0,"11":0,"12":0,"13":0,"14":0,"15":0,"16":0,"17":0,"18":0,"19":0,"20":0,"21":0,"22":0,"23":0},"f":{"0":0,"1":0,"2":0,"3":0,"4":0,"5":0,"6":0},"b":{"0":[0,0],"1":[0,0]},"hash":"f9e9f94c1b85ddb27528ac8026bd7e887ea32e54"}
,"/media/george/GeorgeHD-DELL1/Users/Jorge/Desktop/My stuff/All my coding stuff/GoStack-2020/All projects with TypeScript/Gobarber/gobarber_2020/gobarbermobile/src/pages/SuccessScreen/index.tsx": {"path":"/media/george/GeorgeHD-DELL1/Users/Jorge/Desktop/My stuff/All my coding stuff/GoStack-2020/All projects with TypeScript/Gobarber/gobarber_2020/gobarbermobile/src/pages/SuccessScreen/index.tsx","statementMap":{"0":{"start":{"line":14,"column":32},"end":{"line":53,"column":1}},"1":{"start":{"line":15,"column":18},"end":{"line":15,"column":33}},"2":{"start":{"line":16,"column":19},"end":{"line":16,"column":29}},"3":{"start":{"line":18,"column":22},"end":{"line":18,"column":43}},"4":{"start":{"line":20,"column":30},"end":{"line":29,"column":13}},"5":{"start":{"line":21,"column":4},"end":{"line":28,"column":7}},"6":{"start":{"line":31,"column":24},"end":{"line":37,"column":24}},"7":{"start":{"line":32,"column":4},"end":{"line":36,"column":6}},"8":{"start":{"line":38,"column":2},"end":{"line":52,"column":4}}},"fnMap":{"0":{"name":"(anonymous_0)","decl":{"start":{"line":14,"column":32},"end":{"line":14,"column":33}},"loc":{"start":{"line":14,"column":38},"end":{"line":53,"column":1}},"line":14},"1":{"name":"(anonymous_1)","decl":{"start":{"line":20,"column":42},"end":{"line":20,"column":43}},"loc":{"start":{"line":20,"column":48},"end":{"line":29,"column":3}},"line":20},"2":{"name":"(anonymous_2)","decl":{"start":{"line":31,"column":32},"end":{"line":31,"column":33}},"loc":{"start":{"line":31,"column":38},"end":{"line":37,"column":3}},"line":31}},"branchMap":{},"s":{"0":0,"1":0,"2":0,"3":0,"4":0,"5":0,"6":0,"7":0,"8":0},"f":{"0":0,"1":0,"2":0},"b":{},"hash":"115c730f54334bce516da71d46c374e818f8cea5"}
}
